<?xml version="1.0" encoding="UTF-8"?>
<!-- Generated by org.testng.reporters.JUnitReportReporter -->
<testsuite hostname="RACD-002157" name="com.investaSolutions.tests.Dummy" tests="1" failures="0" timestamp="22 Jul 2019 10:11:27 GMT" time="0.013" errors="0">
  <testcase name="Test1" time="0.013" classname="com.investaSolutions.tests.Dummy"/>
</testsuite> <!-- com.investaSolutions.tests.Dummy -->
