<?xml version="1.0" encoding="UTF-8"?>
<!-- Generated by org.testng.reporters.JUnitReportReporter -->
<testsuite hostname="MPL-11S7LQ2" name="com.investaSolutions.tests.AMAssetManagerTest" tests="2" failures="0" timestamp="11 Jul 2019 10:53:39 GMT" time="7.644" errors="0">
  <testcase name="verifyUserManagementDetailsTest" time="2.636" classname="com.investaSolutions.tests.AMAssetManagerTest"/>
  <testcase name="createNewUserTest" time="5.008" classname="com.investaSolutions.tests.AMAssetManagerTest"/>
</testsuite> <!-- com.investaSolutions.tests.AMAssetManagerTest -->
