<?xml version="1.0" encoding="UTF-8"?>
<!-- Generated by org.testng.reporters.JUnitReportReporter -->
<testsuite hostname="RACD-002157" name="com.investaSolutions.tests.VerifyGlobalFilterOnInstrumentPageTest" tests="1" failures="0" timestamp="25 Jul 2019 11:27:45 GMT" time="46.255" errors="0">
  <testcase name="testToVerifyGlobalFilterOnInstrument" time="46.255" classname="com.investaSolutions.tests.VerifyGlobalFilterOnInstrumentPageTest"/>
</testsuite> <!-- com.investaSolutions.tests.VerifyGlobalFilterOnInstrumentPageTest -->
