<?xml version="1.0" encoding="UTF-8"?>
<!-- Generated by org.testng.reporters.JUnitReportReporter -->
<testsuite hostname="RACD-002157" name="com.investaSolutions.tests.VerifyMarketingMaterialsOnStrategyManagementTest" tests="1" failures="0" timestamp="25 Jul 2019 07:56:42 GMT" time="16.604" errors="0">
  <testcase name="testToVerifyMarketingMaterialsOnStrategyManagementpageTest" time="16.604" classname="com.investaSolutions.tests.VerifyMarketingMaterialsOnStrategyManagementTest"/>
</testsuite> <!-- com.investaSolutions.tests.VerifyMarketingMaterialsOnStrategyManagementTest -->
