<?xml version="1.0" encoding="UTF-8"?>
<!-- Generated by org.testng.reporters.JUnitReportReporter -->
<testsuite hostname="MPL-11S7LQ2" name="com.investaSolutions.tests.AMStrategyManagementTest" tests="1" failures="0" timestamp="11 Jul 2019 10:53:39 GMT" time="1.448" errors="0">
  <testcase name="verifyStrategyManagementDetailsTest" time="1.448" classname="com.investaSolutions.tests.AMStrategyManagementTest"/>
</testsuite> <!-- com.investaSolutions.tests.AMStrategyManagementTest -->
