<?xml version="1.0" encoding="UTF-8"?>
<!-- Generated by org.testng.reporters.JUnitReportReporter -->
<testsuite hostname="RACD-002157" name="com.investaSolutions.tests.VerifyUserTest" tests="1" failures="0" timestamp="8 Aug 2019 13:39:32 GMT" time="20.284" errors="0">
  <testcase name="testToVerifyUserTabAndDetailsOnUserListTest" time="20.284" classname="com.investaSolutions.tests.VerifyUserTest"/>
</testsuite> <!-- com.investaSolutions.tests.VerifyUserTest -->
