<?xml version="1.0" encoding="UTF-8"?>
<!-- Generated by org.testng.reporters.JUnitReportReporter -->
<testsuite hostname="RACD-002157" name="com.investaSolutions.tests.VerifyStrategyDetailsOnStrategyManagementTest" tests="1" failures="0" timestamp="26 Jul 2019 12:23:15 GMT" time="127.587" errors="0">
  <testcase name="testToVerifyStrategyDetailsOnStrategyManagementPageTest" time="127.587" classname="com.investaSolutions.tests.VerifyStrategyDetailsOnStrategyManagementTest"/>
</testsuite> <!-- com.investaSolutions.tests.VerifyStrategyDetailsOnStrategyManagementTest -->
