<?xml version="1.0" encoding="UTF-8"?>
<!-- Generated by org.testng.reporters.JUnitReportReporter -->
<testsuite hostname="RACD-002157" name="com.investaSolutions.tests.VerifySettingVerifyGlobalFilterOnPMConfigTest" tests="1" failures="0" timestamp="14 Aug 2019 11:47:37 GMT" time="17.078" errors="0">
  <testcase name="testToVerifySettingVerifyGlobalFilterOnPMConfigTest" time="17.078" classname="com.investaSolutions.tests.VerifySettingVerifyGlobalFilterOnPMConfigTest"/>
</testsuite> <!-- com.investaSolutions.tests.VerifySettingVerifyGlobalFilterOnPMConfigTest -->
