<?xml version="1.0" encoding="UTF-8"?>
<!-- Generated by org.testng.reporters.JUnitReportReporter -->
<testsuite hostname="RACD-002157" name="com.investaSolutions.tests.VerifyBenchmarkCategorizationOnBenchmarkCreationTest" tests="1" failures="0" timestamp="31 Jul 2019 12:08:39 GMT" time="15.511" errors="0">
  <testcase name="testToVerifyBenchmarkCategorizationOnBenchmarkCreationTest" time="15.511" classname="com.investaSolutions.tests.VerifyBenchmarkCategorizationOnBenchmarkCreationTest"/>
</testsuite> <!-- com.investaSolutions.tests.VerifyBenchmarkCategorizationOnBenchmarkCreationTest -->
