<?xml version="1.0" encoding="UTF-8"?>
<!-- Generated by org.testng.reporters.JUnitReportReporter -->
<testsuite hostname="RACD-002157" name="com.investaSolutions.tests.VerifyInvestmentObjectivesOnStrategyManagementTest" tests="1" failures="0" timestamp="25 Jul 2019 07:56:42 GMT" time="14.426" errors="0">
  <testcase name="testToVerifyInvestmentObjectivesOnStrategyManagementpageTest" time="14.426" classname="com.investaSolutions.tests.VerifyInvestmentObjectivesOnStrategyManagementTest"/>
</testsuite> <!-- com.investaSolutions.tests.VerifyInvestmentObjectivesOnStrategyManagementTest -->
