<?xml version="1.0" encoding="UTF-8"?>
<!-- Generated by org.testng.reporters.JUnitReportReporter -->
<testsuite hostname="RACD-002157" name="com.investaSolutions.tests.VerifyModelsTest" tests="1" failures="0" timestamp="8 Aug 2019 13:13:36 GMT" time="18.010" errors="0">
  <testcase name="testToVerifyModelsTabAndDetailsOnPortfolioModelApprovalTest" time="18.010" classname="com.investaSolutions.tests.VerifyModelsTest"/>
</testsuite> <!-- com.investaSolutions.tests.VerifyModelsTest -->
