<?xml version="1.0" encoding="UTF-8"?>
<!-- Generated by org.testng.reporters.JUnitReportReporter -->
<testsuite hostname="RACD-002157" name="com.investaSolutions.tests.VerifyInstrumentManagementsTest" tests="2" failures="0" timestamp="24 Jul 2019 07:09:08 GMT" time="21.104" errors="0">
  <testcase name="testInstrumentManagementAndBenchmarksListPageDetailsTest" time="5.565" classname="com.investaSolutions.tests.VerifyInstrumentManagementsTest"/>
  <testcase name="testInstrumentManagementAndInstrumentListPageDetailsTest" time="15.539" classname="com.investaSolutions.tests.VerifyInstrumentManagementsTest"/>
</testsuite> <!-- com.investaSolutions.tests.VerifyInstrumentManagementsTest -->
