<?xml version="1.0" encoding="UTF-8"?>
<!-- Generated by org.testng.reporters.JUnitReportReporter -->
<testsuite hostname="MPL-11S7LQ2" name="com.investaSolutions.tests.LoginTest" tests="1" failures="0" timestamp="11 Jul 2019 10:53:39 GMT" time="11.843" errors="0">
  <testcase name="testUserLoginFunctionality" time="11.843" classname="com.investaSolutions.tests.LoginTest"/>
</testsuite> <!-- com.investaSolutions.tests.LoginTest -->
