<?xml version="1.0" encoding="UTF-8"?>
<!-- Generated by org.testng.reporters.JUnitReportReporter -->
<testsuite hostname="RACD-002157" name="com.investaSolutions.tests.VerifyBenchmarkCategorizationOnBenchmarkCreationTest" tests="1" failures="0" timestamp="26 Jul 2019 10:58:20 GMT" time="15.196" errors="0">
  <testcase name="testToVerifyBenchmarkCategorizationOnBenchmarkCreationTest" time="15.196" classname="com.investaSolutions.tests.VerifyBenchmarkCategorizationOnBenchmarkCreationTest"/>
</testsuite> <!-- com.investaSolutions.tests.VerifyBenchmarkCategorizationOnBenchmarkCreationTest -->
