<?xml version="1.0" encoding="UTF-8"?>
<!-- Generated by org.testng.reporters.JUnitReportReporter -->
<<<<<<< HEAD
<testsuite hostname="MD-1MB0RG2" name="com.investaSolutions.tests.VerifyPortfolioModelApprovalTest" tests="1" failures="0" timestamp="15 Jul 2019 10:33:37 GMT" time="18.661" errors="0">
  <testcase name="testPortfolioModelApprovalTest" time="18.661" classname="com.investaSolutions.tests.VerifyPortfolioModelApprovalTest"/>
=======
<testsuite hostname="RACD-002157" name="com.investaSolutions.tests.VerifyPortfolioModelApprovalTest" tests="1" failures="0" timestamp="16 Jul 2019 07:05:15 GMT" time="13.188" errors="0">
  <testcase name="testPortfolioModelApprovalTest" time="13.188" classname="com.investaSolutions.tests.VerifyPortfolioModelApprovalTest"/>
>>>>>>> branch 'master' of https://github.com/magicAlpha/InvTestFramework
</testsuite> <!-- com.investaSolutions.tests.VerifyPortfolioModelApprovalTest -->
